[2016-12-21 13:01:27,152] TRACE [Controller 0]: checking need to trigger partition rebalance (kafka.controller.KafkaController)
[2016-12-21 13:01:27,152] DEBUG [Controller 0]: preferred replicas by broker Map(2 -> Map([my-replicated-topic,0] -> List(2, 1, 0)), 0 -> Map([topic1,0] -> List(0), [test,0] -> List(0))) (kafka.controller.KafkaController)
[2016-12-21 13:01:27,152] DEBUG [Controller 0]: topics not in preferred replica Map([my-replicated-topic,0] -> List(2, 1, 0)) (kafka.controller.KafkaController)
[2016-12-21 13:01:27,152] TRACE [Controller 0]: leader imbalance ratio for broker 2 is 1.000000 (kafka.controller.KafkaController)
[2016-12-21 13:01:27,153] DEBUG [Controller 0]: topics not in preferred replica Map() (kafka.controller.KafkaController)
[2016-12-21 13:01:27,153] TRACE [Controller 0]: leader imbalance ratio for broker 0 is 0.000000 (kafka.controller.KafkaController)
[2016-12-21 13:06:27,150] TRACE [Controller 0]: checking need to trigger partition rebalance (kafka.controller.KafkaController)
[2016-12-21 13:06:27,151] DEBUG [Controller 0]: preferred replicas by broker Map(2 -> Map([my-replicated-topic,0] -> List(2, 1, 0)), 0 -> Map([topic1,0] -> List(0), [test,0] -> List(0))) (kafka.controller.KafkaController)
[2016-12-21 13:06:27,151] DEBUG [Controller 0]: topics not in preferred replica Map([my-replicated-topic,0] -> List(2, 1, 0)) (kafka.controller.KafkaController)
[2016-12-21 13:06:27,151] TRACE [Controller 0]: leader imbalance ratio for broker 2 is 1.000000 (kafka.controller.KafkaController)
[2016-12-21 13:06:27,151] DEBUG [Controller 0]: topics not in preferred replica Map() (kafka.controller.KafkaController)
[2016-12-21 13:06:27,151] TRACE [Controller 0]: leader imbalance ratio for broker 0 is 0.000000 (kafka.controller.KafkaController)
[2016-12-21 13:11:27,150] TRACE [Controller 0]: checking need to trigger partition rebalance (kafka.controller.KafkaController)
[2016-12-21 13:11:27,152] DEBUG [Controller 0]: preferred replicas by broker Map(2 -> Map([my-replicated-topic,0] -> List(2, 1, 0)), 0 -> Map([topic1,0] -> List(0), [test,0] -> List(0))) (kafka.controller.KafkaController)
[2016-12-21 13:11:27,152] DEBUG [Controller 0]: topics not in preferred replica Map([my-replicated-topic,0] -> List(2, 1, 0)) (kafka.controller.KafkaController)
[2016-12-21 13:11:27,152] TRACE [Controller 0]: leader imbalance ratio for broker 2 is 1.000000 (kafka.controller.KafkaController)
[2016-12-21 13:11:27,152] DEBUG [Controller 0]: topics not in preferred replica Map() (kafka.controller.KafkaController)
[2016-12-21 13:11:27,152] TRACE [Controller 0]: leader imbalance ratio for broker 0 is 0.000000 (kafka.controller.KafkaController)
[2016-12-21 13:16:27,150] TRACE [Controller 0]: checking need to trigger partition rebalance (kafka.controller.KafkaController)
[2016-12-21 13:16:27,152] DEBUG [Controller 0]: preferred replicas by broker Map(2 -> Map([my-replicated-topic,0] -> List(2, 1, 0)), 0 -> Map([topic1,0] -> List(0), [test,0] -> List(0))) (kafka.controller.KafkaController)
[2016-12-21 13:16:27,152] DEBUG [Controller 0]: topics not in preferred replica Map([my-replicated-topic,0] -> List(2, 1, 0)) (kafka.controller.KafkaController)
[2016-12-21 13:16:27,152] TRACE [Controller 0]: leader imbalance ratio for broker 2 is 1.000000 (kafka.controller.KafkaController)
[2016-12-21 13:16:27,152] DEBUG [Controller 0]: topics not in preferred replica Map() (kafka.controller.KafkaController)
[2016-12-21 13:16:27,152] TRACE [Controller 0]: leader imbalance ratio for broker 0 is 0.000000 (kafka.controller.KafkaController)
[2016-12-21 13:21:27,150] TRACE [Controller 0]: checking need to trigger partition rebalance (kafka.controller.KafkaController)
[2016-12-21 13:21:27,151] DEBUG [Controller 0]: preferred replicas by broker Map(2 -> Map([my-replicated-topic,0] -> List(2, 1, 0)), 0 -> Map([topic1,0] -> List(0), [test,0] -> List(0))) (kafka.controller.KafkaController)
[2016-12-21 13:21:27,151] DEBUG [Controller 0]: topics not in preferred replica Map([my-replicated-topic,0] -> List(2, 1, 0)) (kafka.controller.KafkaController)
[2016-12-21 13:21:27,151] TRACE [Controller 0]: leader imbalance ratio for broker 2 is 1.000000 (kafka.controller.KafkaController)
[2016-12-21 13:21:27,151] DEBUG [Controller 0]: topics not in preferred replica Map() (kafka.controller.KafkaController)
[2016-12-21 13:21:27,151] TRACE [Controller 0]: leader imbalance ratio for broker 0 is 0.000000 (kafka.controller.KafkaController)
[2016-12-21 13:26:27,151] TRACE [Controller 0]: checking need to trigger partition rebalance (kafka.controller.KafkaController)
[2016-12-21 13:26:27,151] DEBUG [Controller 0]: preferred replicas by broker Map(2 -> Map([my-replicated-topic,0] -> List(2, 1, 0)), 0 -> Map([topic1,0] -> List(0), [test,0] -> List(0))) (kafka.controller.KafkaController)
[2016-12-21 13:26:27,151] DEBUG [Controller 0]: topics not in preferred replica Map([my-replicated-topic,0] -> List(2, 1, 0)) (kafka.controller.KafkaController)
[2016-12-21 13:26:27,151] TRACE [Controller 0]: leader imbalance ratio for broker 2 is 1.000000 (kafka.controller.KafkaController)
[2016-12-21 13:26:27,152] DEBUG [Controller 0]: topics not in preferred replica Map() (kafka.controller.KafkaController)
[2016-12-21 13:26:27,152] TRACE [Controller 0]: leader imbalance ratio for broker 0 is 0.000000 (kafka.controller.KafkaController)
[2016-12-21 13:31:27,152] TRACE [Controller 0]: checking need to trigger partition rebalance (kafka.controller.KafkaController)
[2016-12-21 13:31:27,152] DEBUG [Controller 0]: preferred replicas by broker Map(2 -> Map([my-replicated-topic,0] -> List(2, 1, 0)), 0 -> Map([topic1,0] -> List(0), [test,0] -> List(0))) (kafka.controller.KafkaController)
[2016-12-21 13:31:27,152] DEBUG [Controller 0]: topics not in preferred replica Map([my-replicated-topic,0] -> List(2, 1, 0)) (kafka.controller.KafkaController)
[2016-12-21 13:31:27,152] TRACE [Controller 0]: leader imbalance ratio for broker 2 is 1.000000 (kafka.controller.KafkaController)
[2016-12-21 13:31:27,152] DEBUG [Controller 0]: topics not in preferred replica Map() (kafka.controller.KafkaController)
[2016-12-21 13:31:27,153] TRACE [Controller 0]: leader imbalance ratio for broker 0 is 0.000000 (kafka.controller.KafkaController)
[2016-12-21 13:36:27,150] TRACE [Controller 0]: checking need to trigger partition rebalance (kafka.controller.KafkaController)
[2016-12-21 13:36:27,150] DEBUG [Controller 0]: preferred replicas by broker Map(2 -> Map([my-replicated-topic,0] -> List(2, 1, 0)), 0 -> Map([topic1,0] -> List(0), [test,0] -> List(0))) (kafka.controller.KafkaController)
[2016-12-21 13:36:27,150] DEBUG [Controller 0]: topics not in preferred replica Map([my-replicated-topic,0] -> List(2, 1, 0)) (kafka.controller.KafkaController)
[2016-12-21 13:36:27,150] TRACE [Controller 0]: leader imbalance ratio for broker 2 is 1.000000 (kafka.controller.KafkaController)
[2016-12-21 13:36:27,150] DEBUG [Controller 0]: topics not in preferred replica Map() (kafka.controller.KafkaController)
[2016-12-21 13:36:27,150] TRACE [Controller 0]: leader imbalance ratio for broker 0 is 0.000000 (kafka.controller.KafkaController)
[2016-12-21 13:41:27,152] TRACE [Controller 0]: checking need to trigger partition rebalance (kafka.controller.KafkaController)
[2016-12-21 13:41:27,153] DEBUG [Controller 0]: preferred replicas by broker Map(2 -> Map([my-replicated-topic,0] -> List(2, 1, 0)), 0 -> Map([topic1,0] -> List(0), [test,0] -> List(0))) (kafka.controller.KafkaController)
[2016-12-21 13:41:27,153] DEBUG [Controller 0]: topics not in preferred replica Map([my-replicated-topic,0] -> List(2, 1, 0)) (kafka.controller.KafkaController)
[2016-12-21 13:41:27,153] TRACE [Controller 0]: leader imbalance ratio for broker 2 is 1.000000 (kafka.controller.KafkaController)
[2016-12-21 13:41:27,153] DEBUG [Controller 0]: topics not in preferred replica Map() (kafka.controller.KafkaController)
[2016-12-21 13:41:27,153] TRACE [Controller 0]: leader imbalance ratio for broker 0 is 0.000000 (kafka.controller.KafkaController)
